[2025-09-29 10:39:05] laravel.EMERGENCY: Unable to create configured logger. Using emergency logger. {"exception":"[object] (InvalidArgumentException(code: 0): Log [] is not defined. at C:\\laragon\\www\\Infra-web-1\\backend\\vendor\\laravel\\framework\\src\\Illuminate\\Log\\LogManager.php:222)
[stacktrace]
#0 C:\\laragon\\www\\Infra-web-1\\backend\\vendor\\laravel\\framework\\src\\Illuminate\\Log\\LogManager.php(138): Illuminate\\Log\\LogManager->resolve(NULL, NULL)
#1 C:\\laragon\\www\\Infra-web-1\\backend\\vendor\\laravel\\framework\\src\\Illuminate\\Log\\LogManager.php(125): Illuminate\\Log\\LogManager->get(NULL)
#2 C:\\laragon\\www\\Infra-web-1\\backend\\vendor\\laravel\\framework\\src\\Illuminate\\Log\\LogManager.php(703): Illuminate\\Log\\LogManager->driver()
#3 C:\\laragon\\www\\Infra-web-1\\backend\\vendor\\laravel\\framework\\src\\Illuminate\\Foundation\\Exceptions\\Handler.php(403): Illuminate\\Log\\LogManager->error('syntax error, u...', Array)
#4 C:\\laragon\\www\\Infra-web-1\\backend\\vendor\\laravel\\framework\\src\\Illuminate\\Foundation\\Exceptions\\Handler.php(366): Illuminate\\Foundation\\Exceptions\\Handler->reportThrowable(Object(ParseError))
#5 C:\\laragon\\www\\Infra-web-1\\backend\\vendor\\laravel\\framework\\src\\Illuminate\\Foundation\\Console\\Kernel.php(620): Illuminate\\Foundation\\Exceptions\\Handler->report(Object(ParseError))
#6 C:\\laragon\\www\\Infra-web-1\\backend\\vendor\\laravel\\framework\\src\\Illuminate\\Foundation\\Console\\Kernel.php(199): Illuminate\\Foundation\\Console\\Kernel->reportException(Object(ParseError))
#7 C:\\laragon\\www\\Infra-web-1\\backend\\vendor\\laravel\\framework\\src\\Illuminate\\Foundation\\Application.php(1235): Illuminate\\Foundation\\Console\\Kernel->handle(Object(Symfony\\Component\\Console\\Input\\ArgvInput), Object(Symfony\\Component\\Console\\Output\\ConsoleOutput))
#8 C:\\laragon\\www\\Infra-web-1\\backend\\artisan(16): Illuminate\\Foundation\\Application->handleCommand(Object(Symfony\\Component\\Console\\Input\\ArgvInput))
#9 {main}
"} 
[2025-09-29 10:39:05] laravel.ERROR: syntax error, unexpected token "<<", expecting "]" {"exception":"[object] (ParseError(code: 0): syntax error, unexpected token \"<<\", expecting \"]\" at C:\\laragon\\www\\Infra-web-1\\backend\\config\\auth.php:43)
[stacktrace]
#0 C:\\laragon\\www\\Infra-web-1\\backend\\vendor\\laravel\\framework\\src\\Illuminate\\Foundation\\Bootstrap\\LoadConfiguration.php(99): Illuminate\\Foundation\\Bootstrap\\LoadConfiguration->Illuminate\\Foundation\\Bootstrap\\{closure}()
#1 C:\\laragon\\www\\Infra-web-1\\backend\\vendor\\laravel\\framework\\src\\Illuminate\\Foundation\\Bootstrap\\LoadConfiguration.php(80): Illuminate\\Foundation\\Bootstrap\\LoadConfiguration->loadConfigurationFile(Object(Illuminate\\Config\\Repository), 'auth', 'C:\\\\laragon\\\\www\\\\...', Array)
#2 C:\\laragon\\www\\Infra-web-1\\backend\\vendor\\laravel\\framework\\src\\Illuminate\\Foundation\\Bootstrap\\LoadConfiguration.php(39): Illuminate\\Foundation\\Bootstrap\\LoadConfiguration->loadConfigurationFiles(Object(Illuminate\\Foundation\\Application), Object(Illuminate\\Config\\Repository))
#3 C:\\laragon\\www\\Infra-web-1\\backend\\vendor\\laravel\\framework\\src\\Illuminate\\Foundation\\Application.php(342): Illuminate\\Foundation\\Bootstrap\\LoadConfiguration->bootstrap(Object(Illuminate\\Foundation\\Application))
#4 C:\\laragon\\www\\Infra-web-1\\backend\\vendor\\laravel\\framework\\src\\Illuminate\\Foundation\\Console\\Kernel.php(473): Illuminate\\Foundation\\Application->bootstrapWith(Array)
#5 C:\\laragon\\www\\Infra-web-1\\backend\\vendor\\laravel\\framework\\src\\Illuminate\\Foundation\\Console\\Kernel.php(195): Illuminate\\Foundation\\Console\\Kernel->bootstrap()
#6 C:\\laragon\\www\\Infra-web-1\\backend\\vendor\\laravel\\framework\\src\\Illuminate\\Foundation\\Application.php(1235): Illuminate\\Foundation\\Console\\Kernel->handle(Object(Symfony\\Component\\Console\\Input\\ArgvInput), Object(Symfony\\Component\\Console\\Output\\ConsoleOutput))
#7 C:\\laragon\\www\\Infra-web-1\\backend\\artisan(16): Illuminate\\Foundation\\Application->handleCommand(Object(Symfony\\Component\\Console\\Input\\ArgvInput))
#8 {main}
"} 
